-- Found ament_cmake: 1.3.7 (/Users/timii/miniforge3/envs/ros2/share/ament_cmake/cmake)
-- Override CMake install command with custom implementation using symlinks instead of copying resources
-- Found rclcpp: 16.0.8 (/Users/timii/miniforge3/envs/ros2/share/rclcpp/cmake)
-- Found rosidl_generator_c: 3.1.5 (/Users/timii/miniforge3/envs/ros2/share/rosidl_generator_c/cmake)
-- Found rosidl_adapter: 3.1.5 (/Users/timii/miniforge3/envs/ros2/share/rosidl_adapter/cmake)
-- Found rosidl_generator_cpp: 3.1.5 (/Users/timii/miniforge3/envs/ros2/share/rosidl_generator_cpp/cmake)
-- Using all available rosidl_typesupport_c: rosidl_typesupport_fastrtps_c;rosidl_typesupport_introspection_c
-- Using all available rosidl_typesupport_cpp: rosidl_typesupport_fastrtps_cpp;rosidl_typesupport_introspection_cpp
-- Found rmw_implementation_cmake: 6.1.1 (/Users/timii/miniforge3/envs/ros2/share/rmw_implementation_cmake/cmake)
-- Found rmw_cyclonedds_cpp: 1.3.4 (/Users/timii/miniforge3/envs/ros2/share/rmw_cyclonedds_cpp/cmake)
-- Using RMW implementation 'rmw_cyclonedds_cpp' as default
-- Found rclcpp_lifecycle: 16.0.8 (/Users/timii/miniforge3/envs/ros2/share/rclcpp_lifecycle/cmake)
-- Found std_msgs: 4.2.3 (/Users/timii/miniforge3/envs/ros2/share/std_msgs/cmake)
-- Found ament_lint_auto: 0.12.10 (/Users/timii/miniforge3/envs/ros2/share/ament_lint_auto/cmake)
-- Added test 'cppcheck' to perform static code analysis on C / C++ code
-- Configured cppcheck include dirs: /Users/timii/Desktop/Developer/Autonomous-Delivery-Drone/rpi5_fc/src/quadcopter_firmware/include
-- Configured cppcheck exclude dirs and/or files: 
-- Added test 'lint_cmake' to check CMake code style
-- Added test 'uncrustify' to check C / C++ code style
-- Configured uncrustify additional arguments: 
-- Added test 'xmllint' to check XML markup files
-- Configuring done (0.9s)
-- Generating done (0.0s)
-- Build files have been written to: /Users/timii/Desktop/Developer/Autonomous-Delivery-Drone/rpi5_fc/build/quadcopter_firmware
[100%] Built target quad_lifecycle
-- Install configuration: ""
-- Execute custom install script
-- Symlinking: /Users/timii/Desktop/Developer/Autonomous-Delivery-Drone/rpi5_fc/install/quadcopter_firmware/include/include/quadcopter_firmware/stm32_uart.hpp
-- Symlinking: /Users/timii/Desktop/Developer/Autonomous-Delivery-Drone/rpi5_fc/install/quadcopter_firmware/bin/quad_lifecycle
-- Up-to-date symlink: /Users/timii/Desktop/Developer/Autonomous-Delivery-Drone/rpi5_fc/install/quadcopter_firmware/share/ament_index/resource_index/package_run_dependencies/quadcopter_firmware
-- Up-to-date symlink: /Users/timii/Desktop/Developer/Autonomous-Delivery-Drone/rpi5_fc/install/quadcopter_firmware/share/ament_index/resource_index/parent_prefix_path/quadcopter_firmware
-- Up-to-date symlink: /Users/timii/Desktop/Developer/Autonomous-Delivery-Drone/rpi5_fc/install/quadcopter_firmware/share/quadcopter_firmware/environment/ament_prefix_path.sh
-- Up-to-date symlink: /Users/timii/Desktop/Developer/Autonomous-Delivery-Drone/rpi5_fc/install/quadcopter_firmware/share/quadcopter_firmware/environment/ament_prefix_path.dsv
-- Up-to-date symlink: /Users/timii/Desktop/Developer/Autonomous-Delivery-Drone/rpi5_fc/install/quadcopter_firmware/share/quadcopter_firmware/environment/path.sh
-- Up-to-date symlink: /Users/timii/Desktop/Developer/Autonomous-Delivery-Drone/rpi5_fc/install/quadcopter_firmware/share/quadcopter_firmware/environment/path.dsv
-- Up-to-date symlink: /Users/timii/Desktop/Developer/Autonomous-Delivery-Drone/rpi5_fc/install/quadcopter_firmware/share/quadcopter_firmware/local_setup.bash
-- Up-to-date symlink: /Users/timii/Desktop/Developer/Autonomous-Delivery-Drone/rpi5_fc/install/quadcopter_firmware/share/quadcopter_firmware/local_setup.sh
-- Up-to-date symlink: /Users/timii/Desktop/Developer/Autonomous-Delivery-Drone/rpi5_fc/install/quadcopter_firmware/share/quadcopter_firmware/local_setup.zsh
-- Up-to-date symlink: /Users/timii/Desktop/Developer/Autonomous-Delivery-Drone/rpi5_fc/install/quadcopter_firmware/share/quadcopter_firmware/local_setup.dsv
-- Symlinking: /Users/timii/Desktop/Developer/Autonomous-Delivery-Drone/rpi5_fc/install/quadcopter_firmware/share/quadcopter_firmware/package.dsv
-- Up-to-date symlink: /Users/timii/Desktop/Developer/Autonomous-Delivery-Drone/rpi5_fc/install/quadcopter_firmware/share/ament_index/resource_index/packages/quadcopter_firmware
-- Up-to-date symlink: /Users/timii/Desktop/Developer/Autonomous-Delivery-Drone/rpi5_fc/install/quadcopter_firmware/share/quadcopter_firmware/cmake/quadcopter_firmwareConfig.cmake
-- Up-to-date symlink: /Users/timii/Desktop/Developer/Autonomous-Delivery-Drone/rpi5_fc/install/quadcopter_firmware/share/quadcopter_firmware/cmake/quadcopter_firmwareConfig-version.cmake
-- Up-to-date symlink: /Users/timii/Desktop/Developer/Autonomous-Delivery-Drone/rpi5_fc/install/quadcopter_firmware/share/quadcopter_firmware/package.xml
