-- Found ament_cmake: 1.3.7 (/Users/timii/miniforge3/envs/ros2/share/ament_cmake/cmake)
-- Override CMake install command with custom implementation using symlinks instead of copying resources
-- Found rclcpp: 16.0.8 (/Users/timii/miniforge3/envs/ros2/share/rclcpp/cmake)
-- Found rosidl_generator_c: 3.1.5 (/Users/timii/miniforge3/envs/ros2/share/rosidl_generator_c/cmake)
-- Found rosidl_adapter: 3.1.5 (/Users/timii/miniforge3/envs/ros2/share/rosidl_adapter/cmake)
-- Found rosidl_generator_cpp: 3.1.5 (/Users/timii/miniforge3/envs/ros2/share/rosidl_generator_cpp/cmake)
-- Using all available rosidl_typesupport_c: rosidl_typesupport_fastrtps_c;rosidl_typesupport_introspection_c
-- Using all available rosidl_typesupport_cpp: rosidl_typesupport_fastrtps_cpp;rosidl_typesupport_introspection_cpp
-- Checking for module 'yaml-0.1'
--   Found yaml-0.1, version 0.2.5
-- Found rmw_implementation_cmake: 6.1.1 (/Users/timii/miniforge3/envs/ros2/share/rmw_implementation_cmake/cmake)
-- Found rmw_cyclonedds_cpp: 1.3.4 (/Users/timii/miniforge3/envs/ros2/share/rmw_cyclonedds_cpp/cmake)
-- Using RMW implementation 'rmw_cyclonedds_cpp' as default
-- Performing Test CMAKE_HAVE_LIBC_PTHREAD
-- Performing Test CMAKE_HAVE_LIBC_PTHREAD - Success
-- Found Threads: TRUE  
-- Found rclcpp_lifecycle: 16.0.8 (/Users/timii/miniforge3/envs/ros2/share/rclcpp_lifecycle/cmake)
-- Found std_msgs: 4.2.3 (/Users/timii/miniforge3/envs/ros2/share/std_msgs/cmake)
-- Found PkgConfig: /Users/timii/miniforge3/envs/ros2/bin/pkg-config (found version "0.29.2") 
-- Checking for module 'libserial'
--   No package 'libserial' found
-- Found ament_lint_auto: 0.12.10 (/Users/timii/miniforge3/envs/ros2/share/ament_lint_auto/cmake)
CMake Error at /Users/timii/miniforge3/envs/ros2/share/ament_cmake_core/cmake/core/ament_package_xml.cmake:53 (message):
  ament_package_xml() package name 'quadcopter_firmware' in '/package.xml'
  does not match current PROJECT_NAME 'aq_communication'.  You must call
  project() with the same package name before.
Call Stack (most recent call first):
  /Users/timii/miniforge3/envs/ros2/share/ament_lint_auto/cmake/ament_lint_auto_find_test_dependencies.cmake:31 (ament_package_xml)
  CMakeLists.txt:52 (ament_lint_auto_find_test_dependencies)


-- Configuring incomplete, errors occurred!
make: *** [Makefile:226: cmake_check_build_system] Error 1
