[0.022s] Invoking command in '/Users/timii/Desktop/Developer/Autonomous-Delivery-Drone/rpi5_fc/build/quadcopter_firmware': SHLVL=2 _=/Users/timii/miniforge3/envs/ros2/bin/env /Users/timii/miniforge3/envs/ros2/bin/cmake --build /Users/timii/Desktop/Developer/Autonomous-Delivery-Drone/rpi5_fc/build/quadcopter_firmware -- -j8 -l8
[0.094s] -- Found ament_cmake: 1.3.7 (/Users/timii/miniforge3/envs/ros2/share/ament_cmake/cmake)
[0.422s] -- Override CMake install command with custom implementation using symlinks instead of copying resources
[0.455s] -- Found rclcpp: 16.0.8 (/Users/timii/miniforge3/envs/ros2/share/rclcpp/cmake)
[0.506s] -- Found rosidl_generator_c: 3.1.5 (/Users/timii/miniforge3/envs/ros2/share/rosidl_generator_c/cmake)
[0.509s] -- Found rosidl_adapter: 3.1.5 (/Users/timii/miniforge3/envs/ros2/share/rosidl_adapter/cmake)
[0.521s] -- Found rosidl_generator_cpp: 3.1.5 (/Users/timii/miniforge3/envs/ros2/share/rosidl_generator_cpp/cmake)
[0.536s] -- Using all available rosidl_typesupport_c: rosidl_typesupport_fastrtps_c;rosidl_typesupport_introspection_c
[0.556s] -- Using all available rosidl_typesupport_cpp: rosidl_typesupport_fastrtps_cpp;rosidl_typesupport_introspection_cpp
[0.669s] -- Found rmw_implementation_cmake: 6.1.1 (/Users/timii/miniforge3/envs/ros2/share/rmw_implementation_cmake/cmake)
[0.672s] -- Found rmw_cyclonedds_cpp: 1.3.4 (/Users/timii/miniforge3/envs/ros2/share/rmw_cyclonedds_cpp/cmake)
[0.707s] -- Using RMW implementation 'rmw_cyclonedds_cpp' as default
[0.802s] -- Found rclcpp_lifecycle: 16.0.8 (/Users/timii/miniforge3/envs/ros2/share/rclcpp_lifecycle/cmake)
[0.836s] -- Found std_msgs: 4.2.3 (/Users/timii/miniforge3/envs/ros2/share/std_msgs/cmake)
[0.888s] -- Checking for module 'libserial'
[0.911s] --   No package 'libserial' found
[0.913s] -- Found ament_lint_auto: 0.12.10 (/Users/timii/miniforge3/envs/ros2/share/ament_lint_auto/cmake)
[0.998s] -- Added test 'cppcheck' to perform static code analysis on C / C++ code
[0.998s] -- Configured cppcheck include dirs: /Users/timii/Desktop/Developer/Autonomous-Delivery-Drone/rpi5_fc/src/quadcopter_firmware/include;/Users/timii/Desktop/Developer/Autonomous-Delivery-Drone/rpi5_fc/src/quadcopter_firmware/
[0.998s] -- Configured cppcheck exclude dirs and/or files: 
[0.999s] -- Added test 'lint_cmake' to check CMake code style
[1.000s] -- Added test 'uncrustify' to check C / C++ code style
[1.000s] -- Configured uncrustify additional arguments: 
[1.001s] -- Added test 'xmllint' to check XML markup files
[1.004s] -- Configuring done (0.9s)
[1.047s] -- Generating done (0.0s)
[1.052s] -- Build files have been written to: /Users/timii/Desktop/Developer/Autonomous-Delivery-Drone/rpi5_fc/build/quadcopter_firmware
[1.101s] [ 50%] Building CXX object CMakeFiles/quad_lifecycle.dir/src/quadcopter_lifecycyle.cpp.o
[1.101s] [ 50%] Building CXX object CMakeFiles/stm32_uart.dir/src/stm32_uart.cpp.o
[2.501s] In file included from /Users/timii/Desktop/Developer/Autonomous-Delivery-Drone/rpi5_fc/src/quadcopter_firmware/src/stm32_uart.cpp:1:
[2.501s] /Users/timii/Desktop/Developer/Autonomous-Delivery-Drone/rpi5_fc/src/quadcopter_firmware/include/quadcopter_firmware/stm32_uart.hpp:5:10: fatal error: 'rclcpp_lifecycle/lifecycle_node.hpp' file not found
[2.501s]     5 | #include <rclcpp_lifecycle/lifecycle_node.hpp>
[2.501s]       |          ^~~~~~~~~~~~~~~~~~~~~~~~~~~~~~~~~~~~~
[2.510s] 1 error generated.
[2.519s] make[2]: *** [CMakeFiles/stm32_uart.dir/build.make:76: CMakeFiles/stm32_uart.dir/src/stm32_uart.cpp.o] Error 1
[2.519s] make[1]: *** [CMakeFiles/Makefile2:139: CMakeFiles/stm32_uart.dir/all] Error 2
[2.519s] make[1]: *** Waiting for unfinished jobs....
[2.543s] /Users/timii/Desktop/Developer/Autonomous-Delivery-Drone/rpi5_fc/src/quadcopter_firmware/src/quadcopter_lifecycyle.cpp:23:64: warning: unused parameter 'state' [-Wunused-parameter]
[2.543s]    23 |     CallbackReturn on_configure(const rclcpp_lifecycle::State &state)
[2.543s]       |                                                                ^
[2.543s] /Users/timii/Desktop/Developer/Autonomous-Delivery-Drone/rpi5_fc/src/quadcopter_firmware/src/quadcopter_lifecycyle.cpp:30:63: warning: unused parameter 'state' [-Wunused-parameter]
[2.544s]    30 |     CallbackReturn on_shutdown(const rclcpp_lifecycle::State &state)
[2.544s]       |                                                               ^
[2.544s] /Users/timii/Desktop/Developer/Autonomous-Delivery-Drone/rpi5_fc/src/quadcopter_firmware/src/quadcopter_lifecycyle.cpp:37:62: warning: unused parameter 'state' [-Wunused-parameter]
[2.544s]    37 |     CallbackReturn on_cleanup(const rclcpp_lifecycle::State &state)
[2.544s]       |                                                              ^
[5.489s] 3 warnings generated.
[5.507s] [ 75%] Linking CXX executable quad_lifecycle
[5.646s] [ 75%] Built target quad_lifecycle
[5.647s] make: *** [Makefile:146: all] Error 2
[5.655s] Invoked command in '/Users/timii/Desktop/Developer/Autonomous-Delivery-Drone/rpi5_fc/build/quadcopter_firmware' returned '2': SHLVL=2 _=/Users/timii/miniforge3/envs/ros2/bin/env /Users/timii/miniforge3/envs/ros2/bin/cmake --build /Users/timii/Desktop/Developer/Autonomous-Delivery-Drone/rpi5_fc/build/quadcopter_firmware -- -j8 -l8
