[0.617s] [34mcolcon[0m [1;30mDEBUG[0m [32mCommand line arguments: ['/Users/timii/miniforge3/envs/ros2/bin/colcon', 'build', '--symlink-install'][0m
[0.617s] [34mcolcon[0m [1;30mDEBUG[0m [32mParsed command line arguments: Namespace(log_base=None, log_level=None, verb_name='build', build_base='build', install_base='install', merge_install=False, symlink_install=True, test_result_base=None, continue_on_error=False, executor='parallel', parallel_workers=8, event_handlers=None, ignore_user_meta=False, metas=['./colcon.meta'], base_paths=['.'], packages_ignore=None, packages_ignore_regex=None, paths=None, packages_up_to=None, packages_up_to_regex=None, packages_above=None, packages_above_and_dependencies=None, packages_above_depth=None, packages_select_by_dep=None, packages_skip_by_dep=None, packages_skip_up_to=None, packages_select_build_failed=False, packages_skip_build_finished=False, packages_select_test_failures=False, packages_skip_test_passed=False, packages_select=None, packages_skip=None, packages_select_regex=None, packages_skip_regex=None, packages_start=None, packages_end=None, cmake_args=None, cmake_target=None, cmake_target_skip_unavailable=False, cmake_clean_cache=False, cmake_clean_first=False, cmake_force_configure=False, ament_cmake_args=None, catkin_cmake_args=None, catkin_skip_building_tests=False, verb_parser=<colcon_defaults.argument_parser.defaults.DefaultArgumentsDecorator object at 0x1036bf310>, verb_extension=<colcon_core.verb.build.BuildVerb object at 0x1036be3d0>, main=<bound method BuildVerb.main of <colcon_core.verb.build.BuildVerb object at 0x1036be3d0>>)[0m
[0.685s] [34mcolcon.colcon_core.package_discovery[0m [1;30mLevel 1[0m discover_packages(colcon_meta) check parameters
[0.685s] [34mcolcon.colcon_core.package_discovery[0m [1;30mLevel 1[0m discover_packages(recursive) check parameters
[0.685s] [34mcolcon.colcon_core.package_discovery[0m [1;30mLevel 1[0m discover_packages(ignore) check parameters
[0.685s] [34mcolcon.colcon_core.package_discovery[0m [1;30mLevel 1[0m discover_packages(path) check parameters
[0.685s] [34mcolcon.colcon_core.package_discovery[0m [1;30mLevel 1[0m discover_packages(colcon_meta) discover
[0.685s] [34mcolcon.colcon_core.package_discovery[0m [1;30mLevel 1[0m discover_packages(recursive) discover
[0.685s] [34mcolcon.colcon_core.package_discovery[0m [1;30mINFO[0m Crawling recursively for packages in '/Users/timii/Desktop/Developer/Autonomous-Delivery-Drone/rpi5_fc'
[0.685s] [34mcolcon.colcon_core.package_identification[0m [1;30mLevel 1[0m _identify(.) by extensions ['ignore', 'ignore_ament_install']
[0.685s] [34mcolcon.colcon_core.package_identification[0m [1;30mLevel 1[0m _identify(.) by extension 'ignore'
[0.685s] [34mcolcon.colcon_core.package_identification[0m [1;30mLevel 1[0m _identify(.) by extension 'ignore_ament_install'
[0.685s] [34mcolcon.colcon_core.package_identification[0m [1;30mLevel 1[0m _identify(.) by extensions ['colcon_pkg']
[0.685s] [34mcolcon.colcon_core.package_identification[0m [1;30mLevel 1[0m _identify(.) by extension 'colcon_pkg'
[0.686s] [34mcolcon.colcon_core.package_identification[0m [1;30mLevel 1[0m _identify(.) by extensions ['colcon_meta']
[0.686s] [34mcolcon.colcon_core.package_identification[0m [1;30mLevel 1[0m _identify(.) by extension 'colcon_meta'
[0.686s] [34mcolcon.colcon_core.package_identification[0m [1;30mLevel 1[0m _identify(.) by extensions ['ros']
[0.686s] [34mcolcon.colcon_core.package_identification[0m [1;30mLevel 1[0m _identify(.) by extension 'ros'
[0.746s] [34mcolcon.colcon_core.package_identification[0m [1;30mLevel 1[0m _identify(.) by extensions ['cmake', 'python']
[0.746s] [34mcolcon.colcon_core.package_identification[0m [1;30mLevel 1[0m _identify(.) by extension 'cmake'
[0.746s] [34mcolcon.colcon_core.package_identification[0m [1;30mLevel 1[0m _identify(.) by extension 'python'
[0.746s] [34mcolcon.colcon_core.package_identification[0m [1;30mLevel 1[0m _identify(.) by extensions ['python_setup_py']
[0.746s] [34mcolcon.colcon_core.package_identification[0m [1;30mLevel 1[0m _identify(.) by extension 'python_setup_py'
[0.747s] [34mcolcon.colcon_core.package_identification[0m [1;30mLevel 1[0m _identify(build) by extensions ['ignore', 'ignore_ament_install']
[0.747s] [34mcolcon.colcon_core.package_identification[0m [1;30mLevel 1[0m _identify(build) by extension 'ignore'
[0.747s] [34mcolcon.colcon_core.package_identification[0m [1;30mLevel 1[0m _identify(build) ignored
[0.747s] [34mcolcon.colcon_core.package_identification[0m [1;30mLevel 1[0m _identify(install) by extensions ['ignore', 'ignore_ament_install']
[0.747s] [34mcolcon.colcon_core.package_identification[0m [1;30mLevel 1[0m _identify(install) by extension 'ignore'
[0.747s] [34mcolcon.colcon_core.package_identification[0m [1;30mLevel 1[0m _identify(install) ignored
[0.747s] [34mcolcon.colcon_core.package_identification[0m [1;30mLevel 1[0m _identify(log) by extensions ['ignore', 'ignore_ament_install']
[0.747s] [34mcolcon.colcon_core.package_identification[0m [1;30mLevel 1[0m _identify(log) by extension 'ignore'
[0.747s] [34mcolcon.colcon_core.package_identification[0m [1;30mLevel 1[0m _identify(log) ignored
[0.747s] [34mcolcon.colcon_core.package_identification[0m [1;30mLevel 1[0m _identify(src) by extensions ['ignore', 'ignore_ament_install']
[0.747s] [34mcolcon.colcon_core.package_identification[0m [1;30mLevel 1[0m _identify(src) by extension 'ignore'
[0.747s] [34mcolcon.colcon_core.package_identification[0m [1;30mLevel 1[0m _identify(src) by extension 'ignore_ament_install'
[0.747s] [34mcolcon.colcon_core.package_identification[0m [1;30mLevel 1[0m _identify(src) by extensions ['colcon_pkg']
[0.747s] [34mcolcon.colcon_core.package_identification[0m [1;30mLevel 1[0m _identify(src) by extension 'colcon_pkg'
[0.747s] [34mcolcon.colcon_core.package_identification[0m [1;30mLevel 1[0m _identify(src) by extensions ['colcon_meta']
[0.747s] [34mcolcon.colcon_core.package_identification[0m [1;30mLevel 1[0m _identify(src) by extension 'colcon_meta'
[0.747s] [34mcolcon.colcon_core.package_identification[0m [1;30mLevel 1[0m _identify(src) by extensions ['ros']
[0.747s] [34mcolcon.colcon_core.package_identification[0m [1;30mLevel 1[0m _identify(src) by extension 'ros'
[0.747s] [34mcolcon.colcon_core.package_identification[0m [1;30mLevel 1[0m _identify(src) by extensions ['cmake', 'python']
[0.747s] [34mcolcon.colcon_core.package_identification[0m [1;30mLevel 1[0m _identify(src) by extension 'cmake'
[0.747s] [34mcolcon.colcon_core.package_identification[0m [1;30mLevel 1[0m _identify(src) by extension 'python'
[0.747s] [34mcolcon.colcon_core.package_identification[0m [1;30mLevel 1[0m _identify(src) by extensions ['python_setup_py']
[0.747s] [34mcolcon.colcon_core.package_identification[0m [1;30mLevel 1[0m _identify(src) by extension 'python_setup_py'
[0.747s] [34mcolcon.colcon_core.package_identification[0m [1;30mLevel 1[0m _identify(src/quadcopter_firmware) by extensions ['ignore', 'ignore_ament_install']
[0.748s] [34mcolcon.colcon_core.package_identification[0m [1;30mLevel 1[0m _identify(src/quadcopter_firmware) by extension 'ignore'
[0.748s] [34mcolcon.colcon_core.package_identification[0m [1;30mLevel 1[0m _identify(src/quadcopter_firmware) by extension 'ignore_ament_install'
[0.748s] [34mcolcon.colcon_core.package_identification[0m [1;30mLevel 1[0m _identify(src/quadcopter_firmware) by extensions ['colcon_pkg']
[0.748s] [34mcolcon.colcon_core.package_identification[0m [1;30mLevel 1[0m _identify(src/quadcopter_firmware) by extension 'colcon_pkg'
[0.748s] [34mcolcon.colcon_core.package_identification[0m [1;30mLevel 1[0m _identify(src/quadcopter_firmware) by extensions ['colcon_meta']
[0.748s] [34mcolcon.colcon_core.package_identification[0m [1;30mLevel 1[0m _identify(src/quadcopter_firmware) by extension 'colcon_meta'
[0.748s] [34mcolcon.colcon_core.package_identification[0m [1;30mLevel 1[0m _identify(src/quadcopter_firmware) by extensions ['ros']
[0.748s] [34mcolcon.colcon_core.package_identification[0m [1;30mLevel 1[0m _identify(src/quadcopter_firmware) by extension 'ros'
[0.751s] [34mcolcon.colcon_core.package_identification[0m [1;30mDEBUG[0m [32mPackage 'src/quadcopter_firmware' with type 'ros.ament_cmake' and name 'quadcopter_firmware'[0m
[0.751s] [34mcolcon.colcon_core.package_discovery[0m [1;30mLevel 1[0m discover_packages(recursive) using defaults
[0.751s] [34mcolcon.colcon_core.package_discovery[0m [1;30mLevel 1[0m discover_packages(ignore) discover
[0.751s] [34mcolcon.colcon_core.package_discovery[0m [1;30mLevel 1[0m discover_packages(ignore) using defaults
[0.751s] [34mcolcon.colcon_core.package_discovery[0m [1;30mLevel 1[0m discover_packages(path) discover
[0.751s] [34mcolcon.colcon_core.package_discovery[0m [1;30mLevel 1[0m discover_packages(path) using defaults
[0.774s] [34mcolcon.colcon_core.verb[0m [1;30mLevel 5[0m set package 'quadcopter_firmware' build argument 'cmake_args' from command line to 'None'
[0.774s] [34mcolcon.colcon_core.verb[0m [1;30mLevel 5[0m set package 'quadcopter_firmware' build argument 'cmake_target' from command line to 'None'
[0.774s] [34mcolcon.colcon_core.verb[0m [1;30mLevel 5[0m set package 'quadcopter_firmware' build argument 'cmake_target_skip_unavailable' from command line to 'False'
[0.774s] [34mcolcon.colcon_core.verb[0m [1;30mLevel 5[0m set package 'quadcopter_firmware' build argument 'cmake_clean_cache' from command line to 'False'
[0.774s] [34mcolcon.colcon_core.verb[0m [1;30mLevel 5[0m set package 'quadcopter_firmware' build argument 'cmake_clean_first' from command line to 'False'
[0.774s] [34mcolcon.colcon_core.verb[0m [1;30mLevel 5[0m set package 'quadcopter_firmware' build argument 'cmake_force_configure' from command line to 'False'
[0.774s] [34mcolcon.colcon_core.verb[0m [1;30mLevel 5[0m set package 'quadcopter_firmware' build argument 'ament_cmake_args' from command line to 'None'
[0.774s] [34mcolcon.colcon_core.verb[0m [1;30mLevel 5[0m set package 'quadcopter_firmware' build argument 'catkin_cmake_args' from command line to 'None'
[0.774s] [34mcolcon.colcon_core.verb[0m [1;30mLevel 5[0m set package 'quadcopter_firmware' build argument 'catkin_skip_building_tests' from command line to 'False'
[0.774s] [34mcolcon.colcon_core.verb[0m [1;30mDEBUG[0m [32mBuilding package 'quadcopter_firmware' with the following arguments: {'ament_cmake_args': None, 'build_base': '/Users/timii/Desktop/Developer/Autonomous-Delivery-Drone/rpi5_fc/build/quadcopter_firmware', 'catkin_cmake_args': None, 'catkin_skip_building_tests': False, 'cmake_args': None, 'cmake_clean_cache': False, 'cmake_clean_first': False, 'cmake_force_configure': False, 'cmake_target': None, 'cmake_target_skip_unavailable': False, 'install_base': '/Users/timii/Desktop/Developer/Autonomous-Delivery-Drone/rpi5_fc/install/quadcopter_firmware', 'merge_install': False, 'path': '/Users/timii/Desktop/Developer/Autonomous-Delivery-Drone/rpi5_fc/src/quadcopter_firmware', 'symlink_install': True, 'test_result_base': None}[0m
[0.774s] [34mcolcon.colcon_core.executor[0m [1;30mINFO[0m Executing jobs using 'parallel' executor
[0.775s] [34mcolcon.colcon_parallel_executor.executor.parallel[0m [1;30mDEBUG[0m [32mrun_until_complete[0m
[0.775s] [34mcolcon.colcon_ros.task.ament_cmake.build[0m [1;30mINFO[0m Building ROS package in '/Users/timii/Desktop/Developer/Autonomous-Delivery-Drone/rpi5_fc/src/quadcopter_firmware' with build type 'ament_cmake'
[0.775s] [34mcolcon.colcon_cmake.task.cmake.build[0m [1;30mINFO[0m Building CMake package in '/Users/timii/Desktop/Developer/Autonomous-Delivery-Drone/rpi5_fc/src/quadcopter_firmware'
[0.778s] [34mcolcon.colcon_core.plugin_system[0m [1;30mINFO[0m Skipping extension 'colcon_core.shell.bat': Not used on non-Windows systems
[0.778s] [34mcolcon.colcon_core.shell[0m [1;30mINFO[0m Skip shell extension 'powershell' for command environment: Not usable outside of PowerShell
[0.778s] [34mcolcon.colcon_core.shell[0m [1;30mDEBUG[0m [32mSkip shell extension 'dsv' for command environment[0m
[0.817s] [34mcolcon.colcon_core.event_handler.log_command[0m [1;30mDEBUG[0m [32mInvoking command in '/Users/timii/Desktop/Developer/Autonomous-Delivery-Drone/rpi5_fc/build/quadcopter_firmware': SHLVL=2 _=/Users/timii/miniforge3/envs/ros2/bin/env /Users/timii/miniforge3/envs/ros2/bin/cmake --build /Users/timii/Desktop/Developer/Autonomous-Delivery-Drone/rpi5_fc/build/quadcopter_firmware -- -j8 -l8[0m
[5.667s] [34mcolcon.colcon_core.event_handler.log_command[0m [1;30mDEBUG[0m [32mInvoked command in '/Users/timii/Desktop/Developer/Autonomous-Delivery-Drone/rpi5_fc/build/quadcopter_firmware' returned '2': SHLVL=2 _=/Users/timii/miniforge3/envs/ros2/bin/env /Users/timii/miniforge3/envs/ros2/bin/cmake --build /Users/timii/Desktop/Developer/Autonomous-Delivery-Drone/rpi5_fc/build/quadcopter_firmware -- -j8 -l8[0m
[5.725s] [34mcolcon.colcon_core.environment[0m [1;30mLevel 1[0m create_environment_scripts_only(quadcopter_firmware)
[5.730s] [34mcolcon.colcon_core.environment[0m [1;30mLevel 1[0m checking '/Users/timii/Desktop/Developer/Autonomous-Delivery-Drone/rpi5_fc/install/quadcopter_firmware' for CMake module files
[5.731s] [34mcolcon.colcon_core.environment[0m [1;30mLevel 1[0m checking '/Users/timii/Desktop/Developer/Autonomous-Delivery-Drone/rpi5_fc/install/quadcopter_firmware' for CMake config files
[5.731s] [34mcolcon.colcon_core.shell[0m [1;30mLevel 1[0m create_environment_hook('quadcopter_firmware', 'cmake_prefix_path')
[5.731s] [34mcolcon.colcon_core.shell[0m [1;30mINFO[0m Creating environment hook '/Users/timii/Desktop/Developer/Autonomous-Delivery-Drone/rpi5_fc/install/quadcopter_firmware/share/quadcopter_firmware/hook/cmake_prefix_path.ps1'
[5.732s] [34mcolcon.colcon_core.shell[0m [1;30mINFO[0m Creating environment descriptor '/Users/timii/Desktop/Developer/Autonomous-Delivery-Drone/rpi5_fc/install/quadcopter_firmware/share/quadcopter_firmware/hook/cmake_prefix_path.dsv'
[5.733s] [34mcolcon.colcon_core.shell[0m [1;30mINFO[0m Creating environment hook '/Users/timii/Desktop/Developer/Autonomous-Delivery-Drone/rpi5_fc/install/quadcopter_firmware/share/quadcopter_firmware/hook/cmake_prefix_path.sh'
[5.733s] [34mcolcon.colcon_core.environment[0m [1;30mLevel 1[0m checking '/Users/timii/Desktop/Developer/Autonomous-Delivery-Drone/rpi5_fc/install/quadcopter_firmware/lib'
[5.733s] [34mcolcon.colcon_core.environment[0m [1;30mLevel 1[0m checking '/Users/timii/Desktop/Developer/Autonomous-Delivery-Drone/rpi5_fc/install/quadcopter_firmware/bin'
[5.733s] [34mcolcon.colcon_core.environment[0m [1;30mLevel 1[0m checking '/Users/timii/Desktop/Developer/Autonomous-Delivery-Drone/rpi5_fc/install/quadcopter_firmware/lib/pkgconfig/quadcopter_firmware.pc'
[5.734s] [34mcolcon.colcon_core.environment[0m [1;30mLevel 1[0m checking '/Users/timii/Desktop/Developer/Autonomous-Delivery-Drone/rpi5_fc/install/quadcopter_firmware/lib/python3.11/site-packages'
[5.734s] [34mcolcon.colcon_core.environment[0m [1;30mLevel 1[0m checking '/Users/timii/Desktop/Developer/Autonomous-Delivery-Drone/rpi5_fc/install/quadcopter_firmware/bin'
[5.734s] [34mcolcon.colcon_core.shell[0m [1;30mINFO[0m Creating package script '/Users/timii/Desktop/Developer/Autonomous-Delivery-Drone/rpi5_fc/install/quadcopter_firmware/share/quadcopter_firmware/package.ps1'
[5.735s] [34mcolcon.colcon_core.shell[0m [1;30mINFO[0m Creating package descriptor '/Users/timii/Desktop/Developer/Autonomous-Delivery-Drone/rpi5_fc/install/quadcopter_firmware/share/quadcopter_firmware/package.dsv'
[5.735s] [34mcolcon.colcon_core.shell[0m [1;30mINFO[0m Creating package script '/Users/timii/Desktop/Developer/Autonomous-Delivery-Drone/rpi5_fc/install/quadcopter_firmware/share/quadcopter_firmware/package.sh'
[5.735s] [34mcolcon.colcon_core.shell[0m [1;30mINFO[0m Creating package script '/Users/timii/Desktop/Developer/Autonomous-Delivery-Drone/rpi5_fc/install/quadcopter_firmware/share/quadcopter_firmware/package.bash'
[5.736s] [34mcolcon.colcon_core.shell[0m [1;30mINFO[0m Creating package script '/Users/timii/Desktop/Developer/Autonomous-Delivery-Drone/rpi5_fc/install/quadcopter_firmware/share/quadcopter_firmware/package.zsh'
[5.737s] [34mcolcon.colcon_core.environment[0m [1;30mLevel 1[0m create_file_with_runtime_dependencies(/Users/timii/Desktop/Developer/Autonomous-Delivery-Drone/rpi5_fc/install/quadcopter_firmware/share/colcon-core/packages/quadcopter_firmware)
[5.737s] [34mcolcon.colcon_parallel_executor.executor.parallel[0m [1;30mDEBUG[0m [32mclosing loop[0m
[5.737s] [34mcolcon.colcon_parallel_executor.executor.parallel[0m [1;30mDEBUG[0m [32mloop closed[0m
[5.737s] [34mcolcon.colcon_parallel_executor.executor.parallel[0m [1;30mDEBUG[0m [32mrun_until_complete finished with '2'[0m
[5.737s] [34mcolcon.colcon_core.event_reactor[0m [1;30mDEBUG[0m [32mjoining thread[0m
[5.738s] [34mcolcon.colcon_core.event_reactor[0m [1;30mDEBUG[0m [32mjoined thread[0m
[5.738s] [34mcolcon.colcon_core.shell[0m [1;30mINFO[0m Creating prefix script '/Users/timii/Desktop/Developer/Autonomous-Delivery-Drone/rpi5_fc/install/local_setup.ps1'
[5.739s] [34mcolcon.colcon_core.shell[0m [1;30mINFO[0m Creating prefix util module '/Users/timii/Desktop/Developer/Autonomous-Delivery-Drone/rpi5_fc/install/_local_setup_util_ps1.py'
[5.740s] [34mcolcon.colcon_core.shell[0m [1;30mINFO[0m Creating prefix chain script '/Users/timii/Desktop/Developer/Autonomous-Delivery-Drone/rpi5_fc/install/setup.ps1'
[5.740s] [34mcolcon.colcon_core.shell[0m [1;30mINFO[0m Creating prefix script '/Users/timii/Desktop/Developer/Autonomous-Delivery-Drone/rpi5_fc/install/local_setup.sh'
[5.741s] [34mcolcon.colcon_core.shell[0m [1;30mINFO[0m Creating prefix util module '/Users/timii/Desktop/Developer/Autonomous-Delivery-Drone/rpi5_fc/install/_local_setup_util_sh.py'
[5.741s] [34mcolcon.colcon_core.shell[0m [1;30mINFO[0m Creating prefix chain script '/Users/timii/Desktop/Developer/Autonomous-Delivery-Drone/rpi5_fc/install/setup.sh'
[5.742s] [34mcolcon.colcon_core.shell[0m [1;30mINFO[0m Creating prefix script '/Users/timii/Desktop/Developer/Autonomous-Delivery-Drone/rpi5_fc/install/local_setup.bash'
[5.742s] [34mcolcon.colcon_core.shell[0m [1;30mINFO[0m Creating prefix chain script '/Users/timii/Desktop/Developer/Autonomous-Delivery-Drone/rpi5_fc/install/setup.bash'
[5.743s] [34mcolcon.colcon_core.shell[0m [1;30mINFO[0m Creating prefix script '/Users/timii/Desktop/Developer/Autonomous-Delivery-Drone/rpi5_fc/install/local_setup.zsh'
[5.744s] [34mcolcon.colcon_core.shell[0m [1;30mINFO[0m Creating prefix chain script '/Users/timii/Desktop/Developer/Autonomous-Delivery-Drone/rpi5_fc/install/setup.zsh'
