-- The C compiler identification is Clang 17.0.6
-- The CXX compiler identification is Clang 17.0.6
-- Detecting C compiler ABI info
-- Detecting C compiler ABI info - done
-- Check for working C compiler: /Users/timii/miniforge3/envs/ros2/bin/arm64-apple-darwin20.0.0-clang - skipped
-- Detecting C compile features
-- Detecting C compile features - done
-- Detecting CXX compiler ABI info
-- Detecting CXX compiler ABI info - done
-- Check for working CXX compiler: /Users/timii/miniforge3/envs/ros2/bin/arm64-apple-darwin20.0.0-clang++ - skipped
-- Detecting CXX compile features
-- Detecting CXX compile features - done
-- Found ament_cmake: 1.3.7 (/Users/timii/miniforge3/envs/ros2/share/ament_cmake/cmake)
-- Found Python3: /opt/homebrew/Frameworks/Python.framework/Versions/3.12/bin/python3.12 (found version "3.12.6") found components: Interpreter 
-- Override CMake install command with custom implementation using symlinks instead of copying resources
-- Found ament_lint_auto: 0.12.10 (/Users/timii/miniforge3/envs/ros2/share/ament_lint_auto/cmake)
-- Added test 'lint_cmake' to check CMake code style
-- Added test 'xmllint' to check XML markup files
-- Configuring done (2.0s)
-- Generating done (0.0s)
-- Build files have been written to: /Users/timii/Desktop/Developer/Autonomous-Delivery-Drone/rpi5_fc/build/quadcopter_firmware
-- Install configuration: ""
-- Execute custom install script
-- Symlinking: /Users/timii/Desktop/Developer/Autonomous-Delivery-Drone/rpi5_fc/install/quadcopter_firmware/share/ament_index/resource_index/package_run_dependencies/quadcopter_firmware
-- Symlinking: /Users/timii/Desktop/Developer/Autonomous-Delivery-Drone/rpi5_fc/install/quadcopter_firmware/share/ament_index/resource_index/parent_prefix_path/quadcopter_firmware
-- Symlinking: /Users/timii/Desktop/Developer/Autonomous-Delivery-Drone/rpi5_fc/install/quadcopter_firmware/share/quadcopter_firmware/environment/ament_prefix_path.sh
-- Symlinking: /Users/timii/Desktop/Developer/Autonomous-Delivery-Drone/rpi5_fc/install/quadcopter_firmware/share/quadcopter_firmware/environment/ament_prefix_path.dsv
-- Symlinking: /Users/timii/Desktop/Developer/Autonomous-Delivery-Drone/rpi5_fc/install/quadcopter_firmware/share/quadcopter_firmware/environment/path.sh
-- Symlinking: /Users/timii/Desktop/Developer/Autonomous-Delivery-Drone/rpi5_fc/install/quadcopter_firmware/share/quadcopter_firmware/environment/path.dsv
-- Symlinking: /Users/timii/Desktop/Developer/Autonomous-Delivery-Drone/rpi5_fc/install/quadcopter_firmware/share/quadcopter_firmware/local_setup.bash
-- Symlinking: /Users/timii/Desktop/Developer/Autonomous-Delivery-Drone/rpi5_fc/install/quadcopter_firmware/share/quadcopter_firmware/local_setup.sh
-- Symlinking: /Users/timii/Desktop/Developer/Autonomous-Delivery-Drone/rpi5_fc/install/quadcopter_firmware/share/quadcopter_firmware/local_setup.zsh
-- Symlinking: /Users/timii/Desktop/Developer/Autonomous-Delivery-Drone/rpi5_fc/install/quadcopter_firmware/share/quadcopter_firmware/local_setup.dsv
-- Symlinking: /Users/timii/Desktop/Developer/Autonomous-Delivery-Drone/rpi5_fc/install/quadcopter_firmware/share/quadcopter_firmware/package.dsv
-- Symlinking: /Users/timii/Desktop/Developer/Autonomous-Delivery-Drone/rpi5_fc/install/quadcopter_firmware/share/ament_index/resource_index/packages/quadcopter_firmware
-- Symlinking: /Users/timii/Desktop/Developer/Autonomous-Delivery-Drone/rpi5_fc/install/quadcopter_firmware/share/quadcopter_firmware/cmake/quadcopter_firmwareConfig.cmake
-- Symlinking: /Users/timii/Desktop/Developer/Autonomous-Delivery-Drone/rpi5_fc/install/quadcopter_firmware/share/quadcopter_firmware/cmake/quadcopter_firmwareConfig-version.cmake
-- Symlinking: /Users/timii/Desktop/Developer/Autonomous-Delivery-Drone/rpi5_fc/install/quadcopter_firmware/share/quadcopter_firmware/package.xml
